ERROR 2024-06-24T21:03:39 supybot Invalid user dictionary file, resetting to empty.
ERROR 2024-06-24T21:03:39 supybot Exact error: FileNotFoundError: [Errno 2] No such file or directory: 'C:\\Users\\shubh\\Desktop\\Bot-2\\conf\\users.conf'
ERROR 2024-06-24T21:03:39 supybot Invalid channel database, resetting to empty.
ERROR 2024-06-24T21:03:39 supybot Exact error: FileNotFoundError: [Errno 2] No such file or directory: 'C:\\Users\\shubh\\Desktop\\Bot-2\\conf\\channels.conf'
ERROR 2024-06-24T21:03:39 supybot Invalid network database, resetting to empty.
ERROR 2024-06-24T21:03:39 supybot Exact error: FileNotFoundError: [Errno 2] No such file or directory: 'C:\\Users\\shubh\\Desktop\\Bot-2\\conf\\networks.conf'
WARNING 2024-06-24T21:03:39 supybot Couldn't open ignore database: [Errno 2] No such file or directory: 'C:\\Users\\shubh\\Desktop\\Bot-2\\conf\\ignores.conf'
ERROR 2024-06-24T21:07:41 supybot Cannot use GPG. python-gnupg is installed but cannot find the gnupg executable.
INFO 2024-06-24T21:09:48 supybot Shutdown initiated.
INFO 2024-06-24T21:09:48 supybot Killing Driver objects.
INFO 2024-06-24T21:09:48 supybot Killing Irc objects.
INFO 2024-06-24T21:09:48 supybot Shutdown complete.
INFO 2024-06-24T21:10:17 supybot Connecting to irc.libera.chat:6697.
WARNING 2024-06-24T21:10:17 supybot Not checking SSL certificates, connections are vulnerable to man-in-the-middle attacks. Set supybot.protocols.ssl.verifyCertificates to "true" to enable validity checks.
ERROR 2024-06-24T21:10:18 supybot Cannot use GPG. python-gnupg is installed but cannot find the gnupg executable.
INFO 2024-06-24T21:10:25 supybot Server tungsten.libera.chat has version solanum-1.0-dev
INFO 2024-06-24T21:10:25 supybot Got start of MOTD from tungsten.libera.chat
INFO 2024-06-24T21:10:26 supybot Got end of MOTD from tungsten.libera.chat
INFO 2024-06-24T21:10:35 supybot Join to #NoobBot on libera synced in 3.97 seconds.
INFO 2024-06-24T21:10:52 supybot ping called on #NoobBot by "Reo!uid646802@user/Ieo".
INFO 2024-06-24T21:12:15 supybot ping called on #NoobBot by "Reo!uid646802@user/Ieo".
INFO 2024-06-24T21:12:17 supybot list called on #NoobBot by "Reo!uid646802@user/Ieo".
INFO 2024-06-24T21:12:24 supybot nick called on #NoobBot by "Reo!uid646802@user/Ieo".
INFO 2024-06-24T21:12:24 supybot Preventing Reo!uid646802@user/Ieo from calling admin because of -admin.
WARNING 2024-06-24T21:12:24 supybot Denying Reo!uid646802@user/Ieo for lacking "admin" capability.
INFO 2024-06-24T21:12:36 supybot identify called in private by "Reo!uid646802@user/Ieo".
INFO 2024-06-24T21:12:45 supybot nick called on #NoobBot by "Reo!uid646802@user/Ieo".
INFO 2024-06-24T21:12:50 supybot list called on #NoobBot by "Reo!uid646802@user/Ieo".
INFO 2024-06-24T21:13:01 supybot config called on #NoobBot by "Reo!uid646802@user/Ieo".
INFO 2024-06-24T21:13:19 supybot config search called on #NoobBot by "Reo!uid646802@user/Ieo".
INFO 2024-06-24T21:13:27 supybot config search called on #NoobBot by "Reo!uid646802@user/Ieo".
INFO 2024-06-24T21:13:35 supybot config help called on #NoobBot by "Reo!uid646802@user/Ieo".
INFO 2024-06-24T21:13:43 supybot config called on #NoobBot by "Reo!uid646802@user/Ieo".
INFO 2024-06-24T21:13:50 supybot config search called on #NoobBot by "Reo!uid646802@user/Ieo".
INFO 2024-06-24T21:14:29 supybot list called on #NoobBot by "Reo!uid646802@user/Ieo".
INFO 2024-06-24T21:14:36 supybot list called on #NoobBot by "Reo!uid646802@user/Ieo".
INFO 2024-06-24T21:16:17 supybot list called on #NoobBot by "Reo!uid646802@user/Ieo".
INFO 2024-06-24T21:16:25 supybot list called on #NoobBot by "Reo!uid646802@user/Ieo".
INFO 2024-06-24T21:16:28 supybot apply called on #NoobBot by "Reo!uid646802@user/Ieo".
INFO 2024-06-24T21:16:37 supybot ignore called on #NoobBot by "Reo!uid646802@user/Ieo".
INFO 2024-06-24T21:16:47 supybot ping called on #NoobBot by "Reo!uid646802@user/Ieo".
INFO 2024-06-24T21:16:53 supybot ignore called on #NoobBot by "Reo!uid646802@user/Ieo".
INFO 2024-06-24T21:16:58 supybot ping called on #NoobBot by "Guest42!~Guest42@2402:e280:3d5f:b72:d531:62cb:4f3e:7d41".
INFO 2024-06-24T21:17:10 supybot shuffle called on #NoobBot by "Reo!uid646802@user/Ieo".
INFO 2024-06-24T21:17:20 supybot shuffle called on #NoobBot by "Reo!uid646802@user/Ieo".
INFO 2024-06-24T21:17:28 supybot shuffle called on #NoobBot by "Reo!uid646802@user/Ieo".
INFO 2024-06-24T21:17:41 supybot list called on #NoobBot by "Reo!uid646802@user/Ieo".
INFO 2024-06-24T21:17:53 supybot list called on #NoobBot by "Reo!uid646802@user/Ieo".
INFO 2024-06-24T21:18:01 supybot config list called on #NoobBot by "Reo!uid646802@user/Ieo".
INFO 2024-06-24T21:18:09 supybot config list called on #NoobBot by "Reo!uid646802@user/Ieo".
INFO 2024-06-24T21:18:19 supybot config called on #NoobBot by "Reo!uid646802@user/Ieo".
INFO 2024-06-24T21:18:32 supybot list called on #NoobBot by "Reo!uid646802@user/Ieo".
INFO 2024-06-24T21:18:41 supybot kban called on #NoobBot by "Reo!uid646802@user/Ieo".
INFO 2024-06-24T21:18:50 supybot kban called on #NoobBot by "Reo!uid646802@user/Ieo".
WARNING 2024-06-24T21:18:50 supybot Using exact hostmask since banmask would ban myself.
INFO 2024-06-24T21:18:58 supybot unban called on #NoobBot by "Reo!uid646802@user/Ieo".
INFO 2024-06-24T21:19:22 supybot list called on #NoobBot by "Reo!uid646802@user/Ieo".
INFO 2024-06-24T21:19:42 supybot Kicked from #NoobBot @ libera by TestyBot!~limnoria@2402:e280:3d5f:b72:d531:62cb:4f3e:7d41. Rejoining.
INFO 2024-06-24T21:19:45 supybot Join to #NoobBot on libera synced in 3.13 seconds.
INFO 2024-06-24T21:23:09 supybot quit called on #NoobBot by "Reo!uid646802@user/Ieo".
INFO 2024-06-24T21:23:09 supybot Flushers flushed and garbage collected.
INFO 2024-06-24T21:23:09 supybot Driver for Irc object for libera dying.
INFO 2024-06-24T21:23:09 supybot Irc object for libera dying.
INFO 2024-06-24T21:23:09 supybot Driver for Irc object for libera dying.
INFO 2024-06-24T21:23:09 supybot Removing driver SocketDriver(Irc object for libera).
INFO 2024-06-24T21:23:09 supybot Total uptime: 12 minutes and 52 seconds.
INFO 2024-06-24T21:23:09 supybot Total CPU time taken: 1.02 seconds.
INFO 2024-06-24T21:23:09 supybot No more Irc objects, exiting.
INFO 2024-06-24T21:23:09 supybot Shutdown initiated.
INFO 2024-06-24T21:23:09 supybot Killing Driver objects.
INFO 2024-06-24T21:23:09 supybot Killing Irc objects.
INFO 2024-06-24T21:23:09 supybot Writing registry file to .\NoobBot.conf
INFO 2024-06-24T21:23:09 supybot Finished writing registry file.
INFO 2024-06-24T21:23:09 supybot Shutdown complete.
INFO 2024-06-24T21:23:48 supybot Connecting to irc.libera.chat:6697.
WARNING 2024-06-24T21:23:49 supybot Not checking SSL certificates, connections are vulnerable to man-in-the-middle attacks. Set supybot.protocols.ssl.verifyCertificates to "true" to enable validity checks.
ERROR 2024-06-24T21:23:49 supybot Cannot use GPG. python-gnupg is installed but cannot find the gnupg executable.
INFO 2024-06-24T21:23:56 supybot Server silver.libera.chat has version solanum-1.0-dev
INFO 2024-06-24T21:23:56 supybot Got start of MOTD from silver.libera.chat
INFO 2024-06-24T21:23:56 supybot Got end of MOTD from silver.libera.chat
INFO 2024-06-24T21:24:04 supybot Join to #NoobBot on libera synced in 2.66 seconds.
INFO 2024-06-24T21:24:09 supybot nick called on #NoobBot by "Reo!uid646802@user/Ieo".
INFO 2024-06-24T21:24:09 supybot Preventing Reo!uid646802@user/Ieo from calling admin because of -admin.
WARNING 2024-06-24T21:24:09 supybot Denying Reo!uid646802@user/Ieo for lacking "admin" capability.
INFO 2024-06-24T21:24:15 supybot Exiting due to Ctrl-C.  If the bot doesn't exit within a few seconds, feel free to press Ctrl-C again to make it exit without flushing its message queues.
INFO 2024-06-24T21:24:16 supybot Flushers flushed and garbage collected.
INFO 2024-06-24T21:24:16 supybot Driver for Irc object for libera dying.
INFO 2024-06-24T21:24:16 supybot Irc object for libera dying.
INFO 2024-06-24T21:24:16 supybot Driver for Irc object for libera dying.
INFO 2024-06-24T21:24:16 supybot Removing driver SocketDriver(Irc object for libera).
INFO 2024-06-24T21:24:16 supybot Total uptime: 27 seconds.
INFO 2024-06-24T21:24:16 supybot Total CPU time taken: 0.78 seconds.
INFO 2024-06-24T21:24:16 supybot No more Irc objects, exiting.
INFO 2024-06-24T21:24:16 supybot Shutdown initiated.
INFO 2024-06-24T21:24:16 supybot Killing Driver objects.
INFO 2024-06-24T21:24:16 supybot Killing Irc objects.
INFO 2024-06-24T21:24:16 supybot Writing registry file to .\NoobBot.conf
INFO 2024-06-24T21:24:16 supybot Finished writing registry file.
INFO 2024-06-24T21:24:16 supybot Shutdown complete.
